<?xml version="1.0" encoding="UTF-8"?>
<testng-results ignored="0" total="1" passed="1" failed="0" skipped="0">
  <reporter-output>
  </reporter-output>
  <suite started-at="2022-03-06T16:20:38 IRST" name="Default suite" finished-at="2022-03-06T16:43:35 IRST" duration-ms="1376932">
    <groups>
    </groups>
    <test started-at="2022-03-06T16:20:38 IRST" name="Default test" finished-at="2022-03-06T16:43:35 IRST" duration-ms="1376932">
      <class name="edit_factors.TestCase_LoginCorrect_WithNumber">
        <test-method is-config="true" signature="beforeMethod()[pri:0, instance:edit_factors.TestCase_LoginCorrect_WithNumber@2145b572]" started-at="2022-03-06T16:20:38 IRST" name="beforeMethod" finished-at="2022-03-06T16:20:41 IRST" duration-ms="2316" status="PASS">
          <reporter-output>
          </reporter-output>
        </test-method> <!-- beforeMethod -->
        <test-method signature="f()[pri:0, instance:edit_factors.TestCase_LoginCorrect_WithNumber@2145b572]" started-at="2022-03-06T16:20:41 IRST" name="f" finished-at="2022-03-06T16:43:33 IRST" duration-ms="1372579" status="PASS">
          <reporter-output>
          </reporter-output>
        </test-method> <!-- f -->
        <test-method is-config="true" signature="afterMethod()[pri:0, instance:edit_factors.TestCase_LoginCorrect_WithNumber@2145b572]" started-at="2022-03-06T16:43:33 IRST" name="afterMethod" finished-at="2022-03-06T16:43:35 IRST" duration-ms="2002" status="PASS">
          <reporter-output>
          </reporter-output>
        </test-method> <!-- afterMethod -->
      </class> <!-- edit_factors.TestCase_LoginCorrect_WithNumber -->
    </test> <!-- Default test -->
  </suite> <!-- Default suite -->
</testng-results>
