<?xml version="1.0" encoding="UTF-8"?>
<!-- Generated by org.testng.reporters.JUnitXMLReporter -->
<testsuite ignored="0" hostname="DESKTOP-CD64S2Q" failures="0" tests="6" name="Create" time="54.983" errors="0" timestamp="2022-01-12T15:29:56 IRST">
  <testcase classname="AccountSide.AccountGroup.testCase.Create.TestCase_CreateAccountGroupCorrect_WithIcon" name="@AfterMethod afterMethod" time="0.04">
    <failure type="java.lang.AssertionError" message="expected [گروه اشخاص شما بدرستی ایجاد گردید] but found [کد
نام
توضیحات
انصراف
  ایجاد گروه جدید]">
      <![CDATA[java.lang.AssertionError: expected [گروه اشخاص شما بدرستی ایجاد گردید] but found [کد
نام
توضیحات
انصراف
  ایجاد گروه جدید]
at AccountSide.AccountGroup.testCase.Create.TestCase_CreateAccountGroupCorrect_WithIcon.afterMethod(TestCase_CreateAccountGroupCorrect_WithIcon.java:47)
at java.base/java.util.ArrayList.forEach(ArrayList.java:1511)
... Removed 38 stack frames]]>
    </failure>
  </testcase> <!-- @AfterMethod afterMethod -->
  <testcase classname="AccountSide.AccountGroup.testCase.Create.TestCase_CreateAccountGroupCorrect_WithButton" name="@AfterMethod afterMethod" time="0.036">
    <failure type="java.lang.AssertionError" message="expected [گروه اشخاص شما بدرستی ایجاد گردید] but found [کد
نام
توضیحات
انصراف
  ایجاد گروه جدید]">
      <![CDATA[java.lang.AssertionError: expected [گروه اشخاص شما بدرستی ایجاد گردید] but found [کد
نام
توضیحات
انصراف
  ایجاد گروه جدید]
at AccountSide.AccountGroup.testCase.Create.TestCase_CreateAccountGroupCorrect_WithButton.afterMethod(TestCase_CreateAccountGroupCorrect_WithButton.java:48)
at java.base/java.util.ArrayList.forEach(ArrayList.java:1511)
... Removed 38 stack frames]]>
    </failure>
  </testcase> <!-- @AfterMethod afterMethod -->
  <testcase classname="AccountSide.AccountGroup.testCase.Create.TestCase_CreateAccountGroup_CodeWrong_WithButton" name="@AfterMethod afterMethod" time="0.042">
    <failure type="java.lang.AssertionError" message="expected [متاسفانه این کد قبلا در سیستم ثبت شده است] but found [کد
نام
توضیحات
انصراف
  ایجاد گروه جدید]">
      <![CDATA[java.lang.AssertionError: expected [متاسفانه این کد قبلا در سیستم ثبت شده است] but found [کد
نام
توضیحات
انصراف
  ایجاد گروه جدید]
at AccountSide.AccountGroup.testCase.Create.TestCase_CreateAccountGroup_CodeWrong_WithButton.afterMethod(TestCase_CreateAccountGroup_CodeWrong_WithButton.java:54)
at java.base/java.util.ArrayList.forEach(ArrayList.java:1511)
... Removed 38 stack frames]]>
    </failure>
  </testcase> <!-- @AfterMethod afterMethod -->
  <testcase classname="AccountSide.AccountGroup.testCase.Create.TestCase_CreateAccountGroup_CodeWrong_WithIcon" name="@AfterMethod afterMethod" time="1.075">
    <failure type="java.lang.AssertionError" message="expected [متاسفانه این کد قبلا در سیستم ثبت شده است] but found [کد
نام
توضیحات
انصراف
  ایجاد گروه جدید]">
      <![CDATA[java.lang.AssertionError: expected [متاسفانه این کد قبلا در سیستم ثبت شده است] but found [کد
نام
توضیحات
انصراف
  ایجاد گروه جدید]
at AccountSide.AccountGroup.testCase.Create.TestCase_CreateAccountGroup_CodeWrong_WithIcon.afterMethod(TestCase_CreateAccountGroup_CodeWrong_WithIcon.java:48)
at java.base/java.util.ArrayList.forEach(ArrayList.java:1511)
... Removed 38 stack frames]]>
    </failure>
  </testcase> <!-- @AfterMethod afterMethod -->
  <testcase classname="AccountSide.AccountGroup.testCase.Create.TestCase_CreateAccountGroup_NameAccountGroupWrong_WithButton" name="@AfterMethod afterMethod" time="1.083">
    <failure type="java.lang.AssertionError" message="expected [این نام گروه قبلا استفاده شده است] but found [کد
نام
توضیحات
انصراف
  ایجاد گروه جدید]">
      <![CDATA[java.lang.AssertionError: expected [این نام گروه قبلا استفاده شده است] but found [کد
نام
توضیحات
انصراف
  ایجاد گروه جدید]
at AccountSide.AccountGroup.testCase.Create.TestCase_CreateAccountGroup_NameAccountGroupWrong_WithButton.afterMethod(TestCase_CreateAccountGroup_NameAccountGroupWrong_WithButton.java:48)
at java.base/java.util.ArrayList.forEach(ArrayList.java:1511)
... Removed 38 stack frames]]>
    </failure>
  </testcase> <!-- @AfterMethod afterMethod -->
  <testcase classname="AccountSide.AccountGroup.testCase.Create.TestCase_CreateAccountGroup_NameAccountGroupWrong_WithIcon" name="@AfterMethod afterMethod" time="0.035">
    <failure type="java.lang.AssertionError" message="expected [این نام گروه قبلا استفاده شده است] but found [کد
نام
توضیحات
انصراف
  ایجاد گروه جدید]">
      <![CDATA[java.lang.AssertionError: expected [این نام گروه قبلا استفاده شده است] but found [کد
نام
توضیحات
انصراف
  ایجاد گروه جدید]
at AccountSide.AccountGroup.testCase.Create.TestCase_CreateAccountGroup_NameAccountGroupWrong_WithIcon.afterMethod(TestCase_CreateAccountGroup_NameAccountGroupWrong_WithIcon.java:47)
at java.base/java.util.ArrayList.forEach(ArrayList.java:1511)
... Removed 38 stack frames]]>
    </failure>
  </testcase> <!-- @AfterMethod afterMethod -->
  <testcase classname="AccountSide.AccountGroup.testCase.Create.TestCase_CreateAccountGroupCorrect_WithIcon" name="f" time="5.877"/>
  <testcase classname="AccountSide.AccountGroup.testCase.Create.TestCase_CreateAccountGroupCorrect_WithButton" name="f" time="8.043"/>
  <testcase classname="AccountSide.AccountGroup.testCase.Create.TestCase_CreateAccountGroup_CodeWrong_WithButton" name="f" time="7.658"/>
  <testcase classname="AccountSide.AccountGroup.testCase.Create.TestCase_CreateAccountGroup_CodeWrong_WithIcon" name="f" time="5.997"/>
  <testcase classname="AccountSide.AccountGroup.testCase.Create.TestCase_CreateAccountGroup_NameAccountGroupWrong_WithButton" name="f" time="6.296"/>
  <testcase classname="AccountSide.AccountGroup.testCase.Create.TestCase_CreateAccountGroup_NameAccountGroupWrong_WithIcon" name="f" time="6.198"/>
</testsuite> <!-- Create -->
