<?xml version="1.0" encoding="UTF-8"?>
<!-- Generated by org.testng.reporters.JUnitXMLReporter -->
<testsuite ignored="0" hostname="DESKTOP-CD64S2Q" failures="0" tests="2" name="Edit" time="22.378" errors="0" timestamp="2022-01-12T15:07:05 IRST">
  <testcase classname="AccountSide.AccountGroup.testCase.Edit.TestCase_EditAccountGroup_Correct" name="f" time="7.422"/>
  <testcase classname="AccountSide.AccountGroup.testCase.Edit.TestCase_EditAccountGroup_Wrong" name="f" time="6.709"/>
</testsuite> <!-- Edit -->
