<?xml version="1.0" encoding="UTF-8"?>
<!-- Generated by org.testng.reporters.JUnitXMLReporter -->
<testsuite ignored="0" hostname="DESKTOP-CD64S2Q" failures="0" tests="4" name="TestLogin" time="34.226" errors="0" timestamp="2022-01-08T15:02:35 IRST">
  <testcase classname="Establishment.Login.testCase.TestCase_LoginCorrect" name="f" time="8.435"/>
  <testcase classname="Establishment.Login.testCase.TestCase_LoginFileUsernameWrong_PasswordCorrect" name="f" time="1.653"/>
  <testcase classname="Establishment.Login.testCase.TestCase_LoginFileUsernameCorrect_PasswordWrong" name="f" time="1.807"/>
  <testcase classname="Establishment.Login.testCase.TestCase_LoginWrong" name="f" time="1.553"/>
</testsuite> <!-- TestLogin -->
